<?xml version="1.0" encoding="UTF-8"?>
<!-- Generated by org.testng.reporters.JUnitReportReporter -->
<testsuite hostname="SJO-WS0452L" name="tests.LogInTests" tests="3" failures="0" timestamp="26 Oct 2016 21:03:13 GMT" time="14.674" errors="0">
  <testcase name="testTc17Invalidlogin" time="4.625" classname="tests.LogInTests"/>
  <testcase name="testTc15LogIn" time="4.548" classname="tests.LogInTests"/>
  <testcase name="testTc16Usercanlogin" time="5.501" classname="tests.LogInTests"/>
</testsuite> <!-- tests.LogInTests -->
