<?xml version="1.0" encoding="UTF-8"?>
<!-- Generated by org.testng.reporters.JUnitReportReporter -->
<testsuite hostname="SJO-WS0452L" name="tests.HomeTests" tests="2" failures="0" timestamp="26 Oct 2016 21:03:13 GMT" time="8.839" errors="0">
  <testcase name="testTc01HomePageDisplayed" time="4.657" classname="tests.HomeTests"/>
  <testcase name="testTc02HomePageNavMenu" time="4.182" classname="tests.HomeTests"/>
</testsuite> <!-- tests.HomeTests -->
