<?xml version="1.0" encoding="UTF-8"?>
<!-- Generated by org.testng.reporters.JUnitReportReporter -->
<testsuite hostname="SJO-WS0452L" name="tests.RegisterTests" tests="4" failures="0" timestamp="26 Oct 2016 21:03:13 GMT" time="19.970" errors="0">
  <testcase name="testTc13UsernameAlreadyTaken" time="4.938" classname="tests.RegisterTests"/>
  <testcase name="testTc11RegisterPageDisplayed" time="4.757" classname="tests.RegisterTests"/>
  <testcase name="testTc12MandatoryFieldsMessages" time="5.346" classname="tests.RegisterTests"/>
  <testcase name="testTc14ConfirmPasswordErrorMessage" time="4.929" classname="tests.RegisterTests"/>
</testsuite> <!-- tests.RegisterTests -->
