<?xml version="1.0" encoding="UTF-8"?>
<!-- Generated by org.testng.reporters.JUnitReportReporter -->
<testsuite hostname="SJO-WS0452L" name="tests.BrowseCTests" tests="4" failures="0" timestamp="26 Oct 2016 21:03:13 GMT" time="19.719" errors="0">
  <testcase name="testTc06searchViewAll" time="6.210" classname="tests.BrowseCTests"/>
  <testcase name="testTc05searchViewAuto" time="4.382" classname="tests.BrowseCTests"/>
  <testcase name="testTc03searchViewAntiquesCollectibles" time="4.738" classname="tests.BrowseCTests"/>
  <testcase name="testTc04searchViewArtCrafts" time="4.389" classname="tests.BrowseCTests"/>
</testsuite> <!-- tests.BrowseCTests -->
