<?xml version="1.0" encoding="UTF-8"?>
<!-- Generated by org.testng.reporters.JUnitReportReporter -->
<testsuite hostname="SJO-WS0452L" name="tests.PostAdTests" tests="2" failures="0" timestamp="26 Oct 2016 21:03:13 GMT" time="10.647" errors="0">
  <testcase name="testTc08LogInPageDisplayedWhenUserNotLogged" time="5.140" classname="tests.PostAdTests"/>
  <testcase name="testTc07PostAdPageDisplayedCorrectly" time="5.507" classname="tests.PostAdTests"/>
</testsuite> <!-- tests.PostAdTests -->
