<?xml version="1.0" encoding="UTF-8"?>
<!-- Generated by org.testng.reporters.JUnitReportReporter -->
<testsuite hostname="SJO-WS0452L" name="tests.AdsProfileTests" tests="2" failures="0" timestamp="26 Oct 2016 21:03:13 GMT" time="9.422" errors="0">
  <testcase name="testTc09AdsProfilePageDisplayedCorrectly" time="4.786" classname="tests.AdsProfileTests"/>
  <testcase name="testTc10LogInPageDisplayedWhenUserNotLogged" time="4.636" classname="tests.AdsProfileTests"/>
</testsuite> <!-- tests.AdsProfileTests -->
